<?xml version="1.0" encoding="UTF-8"?>
<testng-results ignored="0" total="2" passed="2" failed="0" skipped="0">
  <reporter-output>
  </reporter-output>
  <suite started-at="2023-03-28T22:33:42 IST" name="Default suite" finished-at="2023-03-28T22:33:53 IST" duration-ms="11768">
    <groups>
    </groups>
    <test started-at="2023-03-28T22:33:42 IST" name="Default test" finished-at="2023-03-28T22:33:53 IST" duration-ms="11768">
      <class name="test.AdvanceReports">
        <test-method is-config="true" signature="generateReport()[pri:0, instance:test.AdvanceReports@53fb3dab]" started-at="2023-03-28T22:33:42 IST" name="generateReport" finished-at="2023-03-28T22:33:42 IST" duration-ms="225" status="PASS">
          <reporter-output>
          </reporter-output>
        </test-method> <!-- generateReport -->
        <test-method is-config="true" signature="setUp()[pri:0, instance:test.AdvanceReports@53fb3dab]" started-at="2023-03-28T22:33:42 IST" name="setUp" finished-at="2023-03-28T22:33:47 IST" duration-ms="5403" status="PASS">
          <reporter-output>
          </reporter-output>
        </test-method> <!-- setUp -->
        <test-method signature="Testcase1()[pri:0, instance:test.AdvanceReports@53fb3dab]" started-at="2023-03-28T22:33:47 IST" name="Testcase1" finished-at="2023-03-28T22:33:47 IST" duration-ms="13" status="PASS">
          <reporter-output>
          </reporter-output>
        </test-method> <!-- Testcase1 -->
        <test-method is-config="true" signature="tearDown()[pri:0, instance:test.AdvanceReports@53fb3dab]" started-at="2023-03-28T22:33:47 IST" name="tearDown" finished-at="2023-03-28T22:33:48 IST" duration-ms="319" status="PASS">
          <reporter-output>
          </reporter-output>
        </test-method> <!-- tearDown -->
        <test-method is-config="true" signature="setUp()[pri:0, instance:test.AdvanceReports@53fb3dab]" started-at="2023-03-28T22:33:48 IST" name="setUp" finished-at="2023-03-28T22:33:53 IST" duration-ms="5643" status="PASS">
          <reporter-output>
          </reporter-output>
        </test-method> <!-- setUp -->
        <test-method signature="Testcase2()[pri:0, instance:test.AdvanceReports@53fb3dab]" started-at="2023-03-28T22:33:53 IST" name="Testcase2" finished-at="2023-03-28T22:33:53 IST" duration-ms="7" status="PASS">
          <reporter-output>
          </reporter-output>
        </test-method> <!-- Testcase2 -->
        <test-method is-config="true" signature="tearDown()[pri:0, instance:test.AdvanceReports@53fb3dab]" started-at="2023-03-28T22:33:53 IST" name="tearDown" finished-at="2023-03-28T22:33:53 IST" duration-ms="121" status="PASS">
          <reporter-output>
          </reporter-output>
        </test-method> <!-- tearDown -->
      </class> <!-- test.AdvanceReports -->
    </test> <!-- Default test -->
  </suite> <!-- Default suite -->
</testng-results>
